2023-11-09 20:17:51,932 ERROR: Exception on /reset_password/eyJhbGciOiJIUzI1NiIsInR5cCI6IkpXVCJ9.eyJyZXNldF9wYXNzd29yZCI6MSwiZXhwIjoxNjk5NTM2NDM5LjQxNjg5N30.JS0pqDCAxr4ypvWY-QnvZvLXxhlGB_xuZXY_o--LR-E [GET] [in /Users/panther13/Desktop/codespace/microBlog/venv/lib/python3.10/site-packages/flask/app.py:1414]
Traceback (most recent call last):
  File "/Users/panther13/Desktop/codespace/microBlog/venv/lib/python3.10/site-packages/flask/app.py", line 2190, in wsgi_app
    response = self.full_dispatch_request()
  File "/Users/panther13/Desktop/codespace/microBlog/venv/lib/python3.10/site-packages/flask/app.py", line 1486, in full_dispatch_request
    rv = self.handle_user_exception(e)
  File "/Users/panther13/Desktop/codespace/microBlog/venv/lib/python3.10/site-packages/flask/app.py", line 1484, in full_dispatch_request
    rv = self.dispatch_request()
  File "/Users/panther13/Desktop/codespace/microBlog/venv/lib/python3.10/site-packages/flask/app.py", line 1469, in dispatch_request
    return self.ensure_sync(self.view_functions[rule.endpoint])(**view_args)
  File "/Users/panther13/Desktop/codespace/microBlog/app/routes.py", line 123, in reset_password
    return render_template('reset_password.html', form=form)
  File "/Users/panther13/Desktop/codespace/microBlog/venv/lib/python3.10/site-packages/flask/templating.py", line 150, in render_template
    template = app.jinja_env.get_or_select_template(template_name_or_list)
  File "/Users/panther13/Desktop/codespace/microBlog/venv/lib/python3.10/site-packages/jinja2/environment.py", line 1081, in get_or_select_template
    return self.get_template(template_name_or_list, parent, globals)
  File "/Users/panther13/Desktop/codespace/microBlog/venv/lib/python3.10/site-packages/jinja2/environment.py", line 1010, in get_template
    return self._load_template(name, globals)
  File "/Users/panther13/Desktop/codespace/microBlog/venv/lib/python3.10/site-packages/jinja2/environment.py", line 969, in _load_template
    template = self.loader.load(self, name, self.make_globals(globals))
  File "/Users/panther13/Desktop/codespace/microBlog/venv/lib/python3.10/site-packages/jinja2/loaders.py", line 138, in load
    code = environment.compile(source, name, filename)
  File "/Users/panther13/Desktop/codespace/microBlog/venv/lib/python3.10/site-packages/jinja2/environment.py", line 768, in compile
    self.handle_exception(source=source_hint)
  File "/Users/panther13/Desktop/codespace/microBlog/venv/lib/python3.10/site-packages/jinja2/environment.py", line 936, in handle_exception
    raise rewrite_traceback_stack(source=source)
  File "/Users/panther13/Desktop/codespace/microBlog/app/templates/reset_password.html", line 10, in template
    {% for error in form.password.errors $}
jinja2.exceptions.TemplateSyntaxError: unexpected char '$' at 250
2023-11-09 22:12:33,249 INFO: Microblog startup [in /Users/panther13/Desktop/codespace/microBlog/app/__init__.py:45]
2023-11-09 22:15:09,580 ERROR: Exception on /reset_password/eyJhbGciOiJIUzI1NiIsInR5cCI6IkpXVCJ9.eyJyZXNldF9wYXNzd29yZCI6MSwiZXhwIjoxNjk5NTQzMzc5LjQ1NjgyMn0.6DDESVgohkK9cMXILE4IPWHcanTr5nOS1z60Pj2_5rc [GET] [in /Users/panther13/Desktop/codespace/microBlog/venv/lib/python3.10/site-packages/flask/app.py:1414]
Traceback (most recent call last):
  File "/Users/panther13/Desktop/codespace/microBlog/venv/lib/python3.10/site-packages/flask/app.py", line 2190, in wsgi_app
    response = self.full_dispatch_request()
  File "/Users/panther13/Desktop/codespace/microBlog/venv/lib/python3.10/site-packages/flask/app.py", line 1486, in full_dispatch_request
    rv = self.handle_user_exception(e)
  File "/Users/panther13/Desktop/codespace/microBlog/venv/lib/python3.10/site-packages/flask/app.py", line 1484, in full_dispatch_request
    rv = self.dispatch_request()
  File "/Users/panther13/Desktop/codespace/microBlog/venv/lib/python3.10/site-packages/flask/app.py", line 1469, in dispatch_request
    return self.ensure_sync(self.view_functions[rule.endpoint])(**view_args)
  File "/Users/panther13/Desktop/codespace/microBlog/app/routes.py", line 123, in reset_password
    return render_template('reset_password.html', form=form)
  File "/Users/panther13/Desktop/codespace/microBlog/venv/lib/python3.10/site-packages/flask/templating.py", line 151, in render_template
    return _render(app, template, context)
  File "/Users/panther13/Desktop/codespace/microBlog/venv/lib/python3.10/site-packages/flask/templating.py", line 132, in _render
    rv = template.render(context)
  File "/Users/panther13/Desktop/codespace/microBlog/venv/lib/python3.10/site-packages/jinja2/environment.py", line 1301, in render
    self.environment.handle_exception()
  File "/Users/panther13/Desktop/codespace/microBlog/venv/lib/python3.10/site-packages/jinja2/environment.py", line 936, in handle_exception
    raise rewrite_traceback_stack(source=source)
  File "/Users/panther13/Desktop/codespace/microBlog/app/templates/reset_password.html", line 1, in top-level template code
    {% extends "base.html" %}
  File "/Users/panther13/Desktop/codespace/microBlog/app/templates/base.html", line 32, in top-level template code
    {% block content %}{% endblock %}
  File "/Users/panther13/Desktop/codespace/microBlog/app/templates/reset_password.html", line 16, in block 'content'
    {{ form.password2(size32) }}<br>
TypeError: Field.__call__() takes 1 positional argument but 2 were given
2023-11-09 22:53:48,460 INFO: Microblog startup [in /Users/panther13/Desktop/codespace/microBlog/app/__init__.py:45]
2023-11-09 22:54:57,015 ERROR: Exception on /reset_password/eyJhbGciOiJIUzI1NiIsInR5cCI6IkpXVCJ9.eyJyZXNldF9wYXNzd29yZCI6MSwiZXhwIjoxNjk5NTQ1ODc4LjQ0NDc2OX0.ksSzNRhrsV6fa600reHt0sZ6R7zBhAf5PPbmxkScZFE [GET] [in /Users/panther13/Desktop/codespace/microBlog/venv/lib/python3.10/site-packages/flask/app.py:1414]
Traceback (most recent call last):
  File "/Users/panther13/Desktop/codespace/microBlog/venv/lib/python3.10/site-packages/flask/app.py", line 2190, in wsgi_app
    response = self.full_dispatch_request()
  File "/Users/panther13/Desktop/codespace/microBlog/venv/lib/python3.10/site-packages/flask/app.py", line 1486, in full_dispatch_request
    rv = self.handle_user_exception(e)
  File "/Users/panther13/Desktop/codespace/microBlog/venv/lib/python3.10/site-packages/flask/app.py", line 1484, in full_dispatch_request
    rv = self.dispatch_request()
  File "/Users/panther13/Desktop/codespace/microBlog/venv/lib/python3.10/site-packages/flask/app.py", line 1469, in dispatch_request
    return self.ensure_sync(self.view_functions[rule.endpoint])(**view_args)
  File "/Users/panther13/Desktop/codespace/microBlog/app/routes.py", line 123, in reset_password
    return render_template('reset_password.html', form=form)
  File "/Users/panther13/Desktop/codespace/microBlog/venv/lib/python3.10/site-packages/flask/templating.py", line 151, in render_template
    return _render(app, template, context)
  File "/Users/panther13/Desktop/codespace/microBlog/venv/lib/python3.10/site-packages/flask/templating.py", line 132, in _render
    rv = template.render(context)
  File "/Users/panther13/Desktop/codespace/microBlog/venv/lib/python3.10/site-packages/jinja2/environment.py", line 1301, in render
    self.environment.handle_exception()
  File "/Users/panther13/Desktop/codespace/microBlog/venv/lib/python3.10/site-packages/jinja2/environment.py", line 936, in handle_exception
    raise rewrite_traceback_stack(source=source)
  File "/Users/panther13/Desktop/codespace/microBlog/app/templates/reset_password.html", line 1, in top-level template code
    {% extends "base.html" %}
  File "/Users/panther13/Desktop/codespace/microBlog/app/templates/base.html", line 32, in top-level template code
    {% block content %}{% endblock %}
  File "/Users/panther13/Desktop/codespace/microBlog/app/templates/reset_password.html", line 17, in block 'content'
    {% for error in form.pasword2.errors %}
  File "/Users/panther13/Desktop/codespace/microBlog/venv/lib/python3.10/site-packages/jinja2/environment.py", line 485, in getattr
    return getattr(obj, attribute)
jinja2.exceptions.UndefinedError: 'app.forms.ResetPasswordForm object' has no attribute 'pasword2'
2023-11-09 23:03:08,971 INFO: Microblog startup [in /Users/panther13/Desktop/codespace/microBlog/app/__init__.py:45]
2023-11-09 23:43:35,659 INFO: Microblog startup [in /Users/panther13/Desktop/codespace/microBlog/app/__init__.py:45]
